warning: Tag `CLANG_ASSISTED_PARSING' at line 185 of file `/home/travis/build/Goalt/Matrix-BigInt-library/Doxyfile' belongs to an option that was not enabled at compile time.
         To avoid this warning please remove this line from your configuration file or upgrade it using "doxygen -u", or recompile doxygen with this feature enabled.
warning: Tag `CLANG_OPTIONS' at line 186 of file `/home/travis/build/Goalt/Matrix-BigInt-library/Doxyfile' belongs to an option that was not enabled at compile time.
         To avoid this warning please remove this line from your configuration file or upgrade it using "doxygen -u", or recompile doxygen with this feature enabled.
/home/travis/build/Goalt/Matrix-BigInt-library/matrix.h:28: warning: Compound Matrix is not documented.
/home/travis/build/Goalt/Matrix-BigInt-library/matrix.h:7: warning: Compound Matrix_coords is not documented.
/home/travis/build/Goalt/Matrix-BigInt-library/matrix.h:21: warning: Compound Matrix_column_coord is not documented.
/home/travis/build/Goalt/Matrix-BigInt-library/dictionary.h:9: warning: Compound Point is not documented.
/home/travis/build/Goalt/Matrix-BigInt-library/matrix.h:14: warning: Compound Matrix_row_coord is not documented.
/home/travis/build/Goalt/Matrix-BigInt-library/vector.h:8: warning: Compound Vector is not documented.
/home/travis/build/Goalt/Matrix-BigInt-library/exception.h:7: warning: Compound Exception is not documented.
/home/travis/build/Goalt/Matrix-BigInt-library/exception.h:56: warning: Compound Exception_matrix_sizes is not documented.
/home/travis/build/Goalt/Matrix-BigInt-library/rational_number.h:7: warning: Compound RationalNumber is not documented.
/home/travis/build/Goalt/Matrix-BigInt-library/exception.h:30: warning: Compound Exception_Invalid_string is not documented.
/home/travis/build/Goalt/Matrix-BigInt-library/exception.h:22: warning: Compound Exception_Memory is not documented.
/home/travis/build/Goalt/Matrix-BigInt-library/exception.h:47: warning: Compound Exception_Vector_border_out is not documented.
/home/travis/build/Goalt/Matrix-BigInt-library/dictionary.h:15: warning: Compound Dictionary is not documented.
/home/travis/build/Goalt/Matrix-BigInt-library/exception.h:38: warning: Compound Exception_Matrix_border_out is not documented.
/home/travis/build/Goalt/Matrix-BigInt-library/rational_number.cpp:230: warning: documented symbol `RationalNumber::operator long' was not declared or defined.
Searching for include files...
Searching for example files...
Searching for images...
Searching for dot files...
Searching for msc files...
Searching for dia files...
Searching for files to exclude
Searching INPUT for files to process...
Searching for files in directory /home/travis/build/Goalt/Matrix-BigInt-library
Reading and parsing tag files
Parsing files
Preprocessing /home/travis/build/Goalt/Matrix-BigInt-library/big_int.cpp...
Parsing file /home/travis/build/Goalt/Matrix-BigInt-library/big_int.cpp...
Preprocessing /home/travis/build/Goalt/Matrix-BigInt-library/big_int.h...
Parsing file /home/travis/build/Goalt/Matrix-BigInt-library/big_int.h...
Preprocessing /home/travis/build/Goalt/Matrix-BigInt-library/dictionary.cpp...
Parsing file /home/travis/build/Goalt/Matrix-BigInt-library/dictionary.cpp...
Preprocessing /home/travis/build/Goalt/Matrix-BigInt-library/dictionary.h...
Parsing file /home/travis/build/Goalt/Matrix-BigInt-library/dictionary.h...
Preprocessing /home/travis/build/Goalt/Matrix-BigInt-library/exception.cpp...
Parsing file /home/travis/build/Goalt/Matrix-BigInt-library/exception.cpp...
Preprocessing /home/travis/build/Goalt/Matrix-BigInt-library/exception.h...
Parsing file /home/travis/build/Goalt/Matrix-BigInt-library/exception.h...
Preprocessing /home/travis/build/Goalt/Matrix-BigInt-library/generators.cpp...
Parsing file /home/travis/build/Goalt/Matrix-BigInt-library/generators.cpp...
Preprocessing /home/travis/build/Goalt/Matrix-BigInt-library/generators.h...
Parsing file /home/travis/build/Goalt/Matrix-BigInt-library/generators.h...
Preprocessing /home/travis/build/Goalt/Matrix-BigInt-library/main.cpp...
Parsing file /home/travis/build/Goalt/Matrix-BigInt-library/main.cpp...
Preprocessing /home/travis/build/Goalt/Matrix-BigInt-library/matrix.cpp...
Parsing file /home/travis/build/Goalt/Matrix-BigInt-library/matrix.cpp...
Preprocessing /home/travis/build/Goalt/Matrix-BigInt-library/matrix.h...
Parsing file /home/travis/build/Goalt/Matrix-BigInt-library/matrix.h...
Preprocessing /home/travis/build/Goalt/Matrix-BigInt-library/rational_number.cpp...
Parsing file /home/travis/build/Goalt/Matrix-BigInt-library/rational_number.cpp...
Preprocessing /home/travis/build/Goalt/Matrix-BigInt-library/rational_number.h...
Parsing file /home/travis/build/Goalt/Matrix-BigInt-library/rational_number.h...
Reading /home/travis/build/Goalt/Matrix-BigInt-library/README.md...
Preprocessing /home/travis/build/Goalt/Matrix-BigInt-library/vector.cpp...
Parsing file /home/travis/build/Goalt/Matrix-BigInt-library/vector.cpp...
Preprocessing /home/travis/build/Goalt/Matrix-BigInt-library/vector.h...
Parsing file /home/travis/build/Goalt/Matrix-BigInt-library/vector.h...
Building group list...
Building directory list...
Building namespace list...
Building file list...
Building class list...
Associating documentation with classes...
Computing nesting relations for classes...
Building example list...
Searching for enumerations...
Searching for documented typedefs...
Searching for members imported via using declarations...
Searching for included using directives...
Searching for documented variables...
Building interface member list...
Building member list...
Searching for friends...
Searching for documented defines...
Computing class inheritance relations...
Computing class usage relations...
Flushing cached template relations that have become invalid...
Creating members for template instances...
Computing class relations...
Add enum values to enums...
Searching for member function documentation...
Building page list...
Search for main page...
Computing page relations...
Determining the scope of groups...
Sorting lists...
Freeing entry tree
Determining which enums are documented
Computing member relations...
Building full member lists recursively...
Adding members to member groups.
Computing member references...
Inheriting documentation...
Generating disk names...
Adding source references...
Adding xrefitems...
Sorting member lists...
Computing dependencies between directories...
Generating citations page...
Counting data str/home/travis/build/Goalt/Matrix-BigInt-library/big_int.h:32: warning: Member BigInt(long int) (function) of class BigInt is not documented.
/home/travis/build/Goalt/Matrix-BigInt-library/big_int.h:33: warning: Member BigInt(const BigInt &) (function) of class BigInt is not documented.
/home/travis/build/Goalt/Matrix-BigInt-library/big_int.h:34: warning: Member BigInt(char *) (function) of class BigInt is not documented.
/home/travis/build/Goalt/Matrix-BigInt-library/big_int.h:36: warning: Member set_sign(bool) (function) of class BigInt is not documented.
/home/travis/build/Goalt/Matrix-BigInt-library/big_int.h:37: warning: Member print(FILE *, bool, bool) (function) of class BigInt is not documented.
/home/travis/build/Goalt/Matrix-BigInt-library/big_int.h:38: warning: Member to_int() (function) of class BigInt is not documented.
/home/travis/build/Goalt/Matrix-BigInt-library/big_int.h:39: warning: Member to_long_int() (function) of class BigInt is not documented.
/home/travis/build/Goalt/Matrix-BigInt-library/big_int.h:40: warning: Member to_short() (function) of class BigInt is not documented.
/home/travis/build/Goalt/Matrix-BigInt-library/big_int.h:42: warning: Member operator+(const BigInt &) const  (function) of class BigInt is not documented.
/home/travis/build/Goalt/Matrix-BigInt-library/big_int.h:43: warning: Member operator-(const BigInt &) const  (function) of class BigInt is not documented.
/home/travis/build/Goalt/Matrix-BigInt-library/big_int.h:44: warning: Member operator*(const BigInt &) const  (function) of class BigInt is not documented.
/home/travis/build/Goalt/Matrix-BigInt-library/big_int.h:45: warning: Member operator/(const BigInt &) const  (function) of class BigInt is not documented.
/home/travis/build/Goalt/Matrix-BigInt-library/big_int.h:46: warning: Member operator%(const BigInt &) const  (function) of class BigInt is not documented.
/home/travis/build/Goalt/Matrix-BigInt-library/big_int.h:48: warning: Member operator<(const BigInt &) const  (function) of class BigInt is not documented.
/home/travis/build/Goalt/Matrix-BigInt-library/big_int.h:49: warning: Member operator<=(const BigInt &) const  (function) of class BigInt is not documented.
/home/travis/build/Goalt/Matrix-BigInt-library/big_int.h:50: warning: Member operator>(const BigInt &) const  (function) of class BigInt is not documented.
/home/travis/build/Goalt/Matrix-BigInt-library/big_int.h:51: warning: Member operator>=(const BigInt &) const  (function) of class BigInt is not documented.
/home/travis/build/Goalt/Matrix-BigInt-library/big_int.h:52: warning: Member operator==(const BigInt &) const  (function) of class BigInt is not documented.
/home/travis/build/Goalt/Matrix-BigInt-library/big_int.h:53: warning: Member operator!=(const BigInt &) const  (function) of class BigInt is not documented.
/home/travis/build/Goalt/Matrix-BigInt-library/big_int.h:54: warning: Member operator++() (function) of class BigInt is not documented.
/home/travis/build/Goalt/Matrix-BigInt-library/big_int.h:55: warning: Member operator--() (function) of class BigInt is not documented.
/home/travis/build/Goalt/Matrix-BigInt-library/big_int.h:56: warning: Member operator+=(const BigInt &) (function) of class BigInt is not documented.
/home/travis/build/Goalt/Matrix-BigInt-library/big_int.h:57: warning: Member operator-=(const BigInt &) (function) of class BigInt is not documented.
/home/travis/build/Goalt/Matrix-BigInt-library/big_int.h:58: warning: Member operator*=(const BigInt &) (function) of class BigInt is not documented.
/home/travis/build/Goalt/Matrix-BigInt-library/big_int.h:59: warning: Member operator/=(const BigInt &) (function) of class BigInt is not documented.
/home/travis/build/Goalt/Matrix-BigInt-library/big_int.h:60: warning: Member operator=(const BigInt &) (function) of class BigInt is not documented.
/home/travis/build/Goalt/Matrix-BigInt-library/big_int.h:62: warning: Member operator+(long int) const  (function) of class BigInt is not documented.
/home/travis/build/Goalt/Matrix-BigInt-library/big_int.h:63: warning: Member operator-(long int) const  (function) of class BigInt is not documented.
/home/travis/build/Goalt/Matrix-BigInt-library/big_int.h:64: warning: Member operator*(long int) const  (function) of class BigInt is not documented.
/home/travis/build/Goalt/Matrix-BigInt-library/big_int.h:65: warning: Member operator/(long int) const  (function) of class BigInt is not documented.
/home/travis/build/Goalt/Matrix-BigInt-library/big_int.h:66: warning: Member operator%(long int) const  (function) of class BigInt is not documented.
/home/travis/build/Goalt/Matrix-BigInt-library/big_int.h:67: warning: Member operator<(long int) const  (function) of class BigInt is not documented.
/home/travis/build/Goalt/Matrix-BigInt-library/big_int.h:68: warning: Member operator<=(long int) const  (function) of class BigInt is not documented.
/home/travis/build/Goalt/Matrix-BigInt-library/big_int.h:69: warning: Member operator>(long int) const  (function) of class BigInt is not documented.
/home/travis/build/Goalt/Matrix-BigInt-library/big_int.h:70: warning: Member operator>=(long int) const  (function) of class BigInt is not documented.
/home/travis/build/Goalt/Matrix-BigInt-library/big_int.h:71: warning: Member operator==(long int) const  (function) of class BigInt is not documented.
/home/travis/build/Goalt/Matrix-BigInt-library/big_int.h:72: warning: Member operator!=(long int) const  (function) of class BigInt is not documented.
/home/travis/build/Goalt/Matrix-BigInt-library/big_int.h:73: warning: Member operator+=(long int) (function) of class BigInt is not documented.
/home/travis/build/Goalt/Matrix-BigInt-library/big_int.h:74: warning: Member operator-=(long int) (function) of class BigInt is not documented.
/home/travis/build/Goalt/Matrix-BigInt-library/big_int.h:75: warning: Member operator*=(long int) (function) of class BigInt is not documented.
/home/travis/build/Goalt/Matrix-BigInt-library/big_int.h:76: warning: Member operator/=(long int) (function) of class BigInt is not documented.
/home/travis/build/Goalt/Matrix-BigInt-library/big_int.h:77: warning: Member operator=(long int) (function) of class BigInt is not documented.
/home/travis/build/Goalt/Matrix-BigInt-library/big_int.h:79: warning: Member operator+(long int, const BigInt &) (friend) of class BigInt is not documented.
/home/travis/build/Goalt/Matrix-BigInt-library/big_int.h:80: warning: Member operator-(long int, const BigInt &) (friend) of class BigInt is not documented.
/home/travis/build/Goalt/Matrix-BigInt-library/big_int.h:81: warning: Member operator*(long int, const BigInt &) (friend) of class BigInt is not documented.
/home/travis/build/Goalt/Matrix-BigInt-library/big_int.h:82: warning: Member operator/(long int, const BigInt &) (friend) of class BigInt is not documented.
/home/travis/build/Goalt/Matrix-BigInt-library/big_int.h:83: warning: Member operator<(long int, const BigInt &) (friend) of class BigInt is not documented.
/home/travis/build/Goalt/Matrix-BigInt-library/big_int.h:84: warning: Member operator<=(long int, const BigInt &) (friend) of class BigInt is not documented.
/home/travis/build/Goalt/Matrix-BigInt-library/big_int.h:85: warning: Member operator>(long int, const BigInt &) (friend) of class BigInt is not documented.
/home/travis/build/Goalt/Matrix-BigInt-library/big_int.h:86: warning: Member operator>=(long int, const BigInt &) (friend) of class BigInt is not documented.
/home/travis/build/Goalt/Matrix-BigInt-library/big_int.h:87: warning: Member operator==(long int, const BigInt &) (friend) of class BigInt is not documented.
/home/travis/build/Goalt/Matrix-BigInt-library/big_int.h:88: warning: Member operator!=(long int, const BigInt &) (friend) of class BigInt is not documented.
/home/travis/build/Goalt/Matrix-BigInt-library/dictionary.h:21: warning: Member Dictionary(const Dictionary &) (function) of class Dictionary is not documented.
/home/travis/build/Goalt/Matrix-BigInt-library/dictionary.h:24: warning: Member add(size_t i, size_t j, const RationalNumber &) (function) of class Dictionary is not documented.
/home/travis/build/Goalt/Matrix-BigInt-library/dictionary.h:25: warning: Member rem(size_t i, size_t j) (function) of class Dictionary is not documented.
/home/travis/build/Goalt/Matrix-BigInt-library/dictionary.h:26: warning: Member get(size_t i, size_t j) const  (function) of class Dictionary is not documented.
/home/travis/build/Goalt/Matrix-BigInt-library/dictionary.h:27: warning: Member get_ref(size_t i, size_t j) (function) of class Dictionary is not documented.
/home/travis/build/Goalt/Matrix-BigInt-library/dictionary.h:29: warning: Member operator=(const Dictionary &) (function) of class Dictionary is not documented.
/home/travis/build/Goalt/Matrix-BigInt-library/dictionary.h:17: warning: Member mas (variable) of class Dictionary is not documented.
/home/travis/build/Goalt/Matrix-BigInt-library/dictionary.h:18: warning: Member size (variable) of class Dictionary is not documented.
/home/travis/build/Goalt/Matrix-BigInt-library/exception.h:13: warning: Member Exception(const char *) (function) of class Exception is not documented.
/home/travis/build/Goalt/Matrix-BigInt-library/exception.h:14: warning: Member Exception(const Exception &) (function) of class Exception is not documented.
/home/travis/build/Goalt/Matrix-BigInt-library/exception.h:16: warning: Member print(FILE *) (function) of class Exception is not documented.
/home/travis/build/Goalt/Matrix-BigInt-library/exception.h:33: warning: Member Exception_Invalid_string(char c) (function) of class Exception_Invalid_string is not documented.
/home/travis/build/Goalt/Matrix-BigInt-library/exception.h:34: warning: Member print(FILE *f) (function) of class Exception_Invalid_string is not documented.
/home/travis/build/Goalt/Matrix-BigInt-library/exception.h:13: warning: Member Exception(const char *) (function) of class Exception is not documented.
/home/travis/build/Goalt/Matrix-BigInt-library/exception.h:14: warning: Member Exception(const Exception &) (function) of class Exception is not documented.
/home/travis/build/Goalt/Matrix-BigInt-library/exception.h:16: warning: Member print(FILE *) (function) of class Exception is not documented.
/home/travis/build/Goalt/Matrix-BigInt-library/exception.h:41: warning: Member Exception_Matrix_border_out(size_t n, size_t m, size_t k, size_t l) (function) of class Exception_Matrix_border_out is not documented.
/home/travis/build/Goalt/Matrix-BigInt-library/exception.h:42: warning: Member print(FILE *f) (function) of class Exception_Matrix_border_out is not documented.
/home/travis/build/Goalt/Matrix-BigInt-library/exception.h:13: warning: Member Exception(const char *) (function) of class Exception is not documented.
/home/travis/build/Goalt/Matrix-BigInt-library/exception.h:14: warning: Member Exception(const Exception &) (function) of class Exception is not documented.
/home/travis/build/Goalt/Matrix-BigInt-library/exception.h:16: warning: Member print(FILE *) (function) of class Exception is not documented.
/home/travis/build/Goalt/Matrix-BigInt-library/exception.h:59: warning: Member Exception_matrix_sizes(size_t n1, size_t m1, size_t n2, size_t m2) (function) of class Exception_matrix_sizes is not documented.
/home/travis/build/Goalt/Matrix-BigInt-library/exception.h:60: warning: Member print(FILE *f) (function) of class Exception_matrix_sizes is not documented.
/home/travis/build/Goalt/Matrix-BigInt-library/exception.h:13: warning: Member Exception(const char *) (function) of class Exception is not documented.
/home/travis/build/Goalt/Matrix-BigInt-library/exception.h:14: warning: Member Exception(const Exception &) (function) of class Exception is not documented.
/home/travis/build/Goalt/Matrix-BigInt-library/exception.h:16: warning: Member print(FILE *) (function) of class Exception is not documented.
/home/travis/build/Goalt/Matrix-BigInt-library/exception.h:25: warning: Member Exception_Memory(size_t n_bytes) (function) of class Exception_Memory is not documented.
/home/travis/build/Goalt/Matrix-BigInt-library/exception.h:26: warning: Member print(FILE *f) (function) of class Exception_Memory is not documented.
/home/travis/build/Goalt/Matrix-BigInt-library/exception.h:13: warning: Member Exception(const char *) (function) of class Exception is not documented.
/home/travis/build/Goalt/Matrix-BigInt-library/exception.h:14: warning: Member Exception(const Exception &) (function) of class Exception is not documented.
/home/travis/build/Goalt/Matrix-BigInt-library/exception.h:16: warning: Member print(FILE *) (function) of class Exception is not documented.
/home/travis/build/Goalt/Matrix-BigInt-library/exception.h:50: warning: Member Exception_Vector_border_out(size_t n, size_t k) (function) of class Exception_Vector_border_out is not documented.
/home/travis/build/Goalt/Matrix-BigInt-library/exception.h:51: warning: Member print(FILE *f) (function) of class Exception_Vector_border_out is not documented.
/home/travis/build/Goalt/Matrix-BigInt-library/exception.h:13: warning: Member Exception(const char *) (function) of class Exception is not documented.
/home/travis/build/Goalt/Matrix-BigInt-library/exception.h:14: warning: Member Exception(const Exception &) (function) of class Exception is not documented.
/home/travis/build/Goalt/Matrix-BigInt-library/exception.h:16: warning: Member print(FILE *) (function) of class Exception is not documented.
/home/travis/build/Goalt/Matrix-BigInt-library/matrix.h:35: warning: Member Matrix(size_t, size_t, bool is_Identity=false) (function) of class Matrix is not documented.
/home/travis/build/Goalt/Matrix-BigInt-library/matrix.h:36: warning: Member Matrix(size_t, size_t, const RationalNumber &) (function) of class Matrix is not documented.
/home/travis/build/Goalt/Matrix-BigInt-library/matrix.h:37: warning: Member Matrix(const Matrix &) (function) of class Matrix is not documented.
/home/travis/build/Goalt/Matrix-BigInt-library/matrix.h:38: warning: Member Matrix(FILE *) (function) of class Matrix is not documented.
/home/travis/build/Goalt/Matrix-BigInt-library/matrix.h:40: warning: Member get_n() const  (function) of class Matrix is not documented.
/home/travis/build/Goalt/Matrix-BigInt-library/matrix.h:41: warning: Member get_m() const  (function) of class Matrix is not documented.
/home/travis/build/Goalt/Matrix-BigInt-library/matrix.h:43: warning: Member read(FILE *) (function) of class Matrix is not documented.
/home/travis/build/Goalt/Matrix-BigInt-library/matrix.h:44: warning: Member write(FILE *) (function) of class Matrix is not documented.
/home/travis/build/Goalt/Matrix-BigInt-library/matrix.h:45: warning: Member print(FILE *) (function) of class Matrix is not documented.
/home/travis/build/Goalt/Matrix-BigInt-library/matrix.h:46: warning: Member set(size_t, size_t, const RationalNumber &) (function) of class Matrix is not documented.
/home/travis/build/Goalt/Matrix-BigInt-library/matrix.h:47: warning: Member make_elems_canonical() (function) of class Matrix is not documented.
/home/travis/build/Goalt/Matrix-BigInt-library/matrix.h:49: warning: Member operator+(const Matrix &) const  (function) of class Matrix is not documented.
/home/travis/build/Goalt/Matrix-BigInt-library/matrix.h:50: warning: Member operator-(const Matrix &) const  (function) of class Matrix is not documented.
/home/travis/build/Goalt/Matrix-BigInt-library/matrix.h:51: warning: Member operator*(const Matrix &) const  (function) of class Matrix is not documented.
/home/travis/build/Goalt/Matrix-BigInt-library/matrix.h:52: warning: Member operator-() (function) of class Matrix is not documented.
/home/travis/build/Goalt/Matrix-BigInt-library/matrix.h:53: warning: Member operator~() const  (function) of class Matrix is not documented.
/home/travis/build/Goalt/Matrix-BigInt-library/matrix.h:54: warning: Member operator*(const RationalNumber &) const  (function) of class Matrix is not documented.
/home/travis/build/Goalt/Matrix-BigInt-library/matrix.h:55: warning: Member operator/(const RationalNumber &) const  (function) of class Matrix is not documented.
/home/travis/build/Goalt/Matrix-BigInt-library/matrix.h:56: warning: Member operator=(const Matrix &) (function) of class Matrix is not documented.
/home/travis/build/Goalt/Matrix-BigInt-library/matrix.h:60: warning: Member operator[](const Matrix_coords &) const  (function) of class Matrix is not documented.
/home/travis/build/Goalt/Matrix-BigInt-library/matrix.h:61: warning: Member operator[](const Matrix_row_coord &) const  (function) of class Matrix is not documented.
/home/travis/build/Goalt/Matrix-BigInt-library/matrix.h:62: warning: Member operator[](const Matrix_column_coord &) const  (function) of class Matrix is not documented.
/home/travis/build/Goalt/Matrix-BigInt-library/matrix.h:30: warning: Member _n (variable) of class Matrix is not documented.
/home/travis/build/Goalt/Matrix-BigInt-library/matrix.h:31: warning: Member _m (variable) of class Matrix is not documented.
/home/travis/build/Goalt/Matrix-BigInt-library/matrix.h:32: warning: Member _dictionary (variable) of class Matrix is not documented.
/home/travis/build/Goalt/Matrix-BigInt-library/matrix.h:58: warning: Member operator*(const RationalNumber &, const Matrix &) (friend) of class Matrix is not documented.
/home/travis/build/Goalt/Matrix-BigInt-library/matrix.h:24: warning: Member Matrix_column_coord(size_t a) (function) of class Matrix_column_coord is not documented.
/home/travis/build/Goalt/Matrix-BigInt-library/matrix.h:22: warning: Member j (variable) of class Matrix_column_coord is not documented.
/home/travis/build/Goalt/Matrix-BigInt-library/matrix.h:10: warning: Member Matrix_coords(size_t a, size_t b) (function) of class Matrix_coords is not documented.
/home/travis/build/Goalt/Matrix-BigInt-library/matrix.h:8: warning: Member i (variable) of class Matrix_coords is not documented.
/home/travis/build/Goalt/Matrix-BigInt-library/matrix.h:8: warning: Member j (variable) of class Matrix_coords is not documented.
/home/travis/build/Goalt/Matrix-BigInt-library/matrix.h:17: warning: Member Matrix_row_coord(size_t a) (function) of class Matrix_row_coord is not documented.
/home/travis/build/Goalt/Matrix-BigInt-library/matrix.h:15: warning: Member i (variable) of class Matrix_row_coord is not documented.
/home/travis/build/Goalt/Matrix-BigInt-library/dictionary.h:10: warning: Member i (variable) of class Point is not documented.
/home/travis/build/Goalt/Matrix-BigInt-library/dictionary.h:10: warning: Member j (variable) of class Point is not documented.
/home/travis/build/Goalt/Matrix-BigInt-library/dictionary.h:11: warning: Member x (variable) of class Point is not documented.
/home/travis/build/Goalt/Matrix-BigInt-library/rational_number.h:14: warning: Member RationalNumber(long int) (function) of class RationalNumber is not documented.
/home/travis/build/Goalt/Matrix-BigInt-library/rational_number.h:15: warning: Member RationalNumber(long int, long int) (function) of class RationalNumber is not documented.
/home/travis/build/Goalt/Matrix-BigInt-library/rational_number.h:16: warning: Member RationalNumber(char *, char *) (function) of class RationalNumber is not documented.
/home/travis/build/Goalt/Matrix-BigInt-library/rational_number.h:17: warning: Member RationalNumber(char *c) (function) of class RationalNumber is not documented.
/home/travis/build/Goalt/Matrix-BigInt-library/rational_number.h:18: warning: Member RationalNumber(const RationalNumber &) (function) of class RationalNumber is not documented.
/home/travis/build/Goalt/Matrix-BigInt-library/rational_number.h:20: warning: Member get_numerator() (function) of class RationalNumber is not documented.
/home/travis/build/Goalt/Matrix-BigInt-library/rational_number.h:21: warning: Member get_denominator() (function) of class RationalNumber is not documented.
/home/travis/build/Goalt/Matrix-BigInt-library/rational_number.h:23: warning: Member print(FILE *, bool, bool make_bold) (function) of class RationalNumber is not documented.
/home/travis/build/Goalt/Matrix-BigInt-library/rational_number.h:24: warning: Member operator int() const  (function) of class RationalNumber is not documented.
/home/travis/build/Goalt/Matrix-BigInt-library/rational_number.h:25: warning: Member operator long int() const  (function) of class RationalNumber is not documented.
/home/travis/build/Goalt/Matrix-BigInt-library/rational_number.h:26: warning: Member operator short() const  (function) of class RationalNumber is not documented.
/home/travis/build/Goalt/Matrix-BigInt-library/rational_number.h:27: warning: Member make_canonical() (function) of class RationalNumber is not documented.
/home/travis/build/Goalt/Matrix-BigInt-library/rational_number.h:28: warning: Member round() (function) of class RationalNumber is not documented.
/home/travis/build/Goalt/Matrix-BigInt-library/rational_number.h:29: warning: Member floor() (function) of class RationalNumber is not documented.
/home/travis/build/Goalt/Matrix-BigInt-library/rational_number.h:31: warning: Member operator+(const RationalNumber &) const  (function) of class RationalNumber is not documented.
/home/travis/build/Goalt/Matrix-BigInt-library/rational_number.h:32: warning: Member operator-(const RationalNumber &) const  (function) of class RationalNumber is not documented.
/home/travis/build/Goalt/Matrix-BigInt-library/rational_number.h:33: warning: Member operator*(const RationalNumber &) const  (function) of class RationalNumber is not documented.
/home/travis/build/Goalt/Matrix-BigInt-library/rational_number.h:34: warning: Member operator/(const RationalNumber &) const  (function) of class RationalNumber is not documented.
/home/travis/build/Goalt/Matrix-BigInt-library/rational_number.h:35: warning: Member operator<(const RationalNumber &) const  (function) of class RationalNumber is not documented.
/home/travis/build/Goalt/Matrix-BigInt-library/rational_number.h:36: warning: Member operator<=(const RationalNumber &) const  (function) of class RationalNumber is not documented.
/home/travis/build/Goalt/Matrix-BigInt-library/rational_number.h:37: warning: Member operator>(const RationalNumber &) const  (function) of class RationalNumber is not documented.
/home/travis/build/Goalt/Matrix-BigInt-library/rational_number.h:38: warning: Member operator>=(const RationalNumber &) const  (function) of class RationalNumber is not documented.
/home/travis/build/Goalt/Matrix-BigInt-library/rational_number.h:39: warning: Member operator==(const RationalNumber &) const  (function) of class RationalNumber is not documented.
/home/travis/build/Goalt/Matrix-BigInt-library/rational_number.h:40: warning: Member operator!=(const RationalNumber &) const  (function) of class RationalNumber is not documented.
/home/travis/build/Goalt/Matrix-BigInt-library/rational_number.h:41: warning: Member operator++() (function) of class RationalNumber is not documented.
/home/travis/build/Goalt/Matrix-BigInt-library/rational_number.h:42: warning: Member operator--() (function) of class RationalNumber is not documented.
/home/travis/build/Goalt/Matrix-BigInt-library/rational_number.h:43: warning: Member operator+=(const RationalNumber &) (function) of class RationalNumber is not documented.
/home/travis/build/Goalt/Matrix-BigInt-library/rational_number.h:44: warning: Member operator-=(const RationalNumber &) (function) of class RationalNumber is not documented.
/home/travis/build/Goalt/Matrix-BigInt-library/rational_number.h:45: warning: Member operator*=(const RationalNumber &) (function) of class RationalNumber is not documented.
/home/travis/build/Goalt/Matrix-BigInt-library/rational_number.h:46: warning: Member operator/=(const RationalNumber &) (function) of class RationalNumber is not documented.
/home/travis/build/Goalt/Matrix-BigInt-library/rational_number.h:47: warning: Member operator=(const RationalNumber &) (function) of class RationalNumber is not documented.
/home/travis/build/Goalt/Matrix-BigInt-library/rational_number.h:49: warning: Member operator+(long int) const  (function) of class RationalNumber is not documented.
/home/travis/build/Goalt/Matrix-BigInt-library/rational_number.h:50: warning: Member operator-(long int) const  (function) of class RationalNumber is not documented.
/home/travis/build/Goalt/Matrix-BigInt-library/rational_number.h:51: warning: Member operator*(long int) const  (function) of class RationalNumber is not documented.
/home/travis/build/Goalt/Matrix-BigInt-library/rational_number.h:52: warning: Member operator/(long int) const  (function) of class RationalNumber is not documented.
/home/travis/build/Goalt/Matrix-BigInt-library/rational_number.h:53: warning: Member operator<(long int) const  (function) of class RationalNumber is not documented.
/home/travis/build/Goalt/Matrix-BigInt-library/rational_number.h:54: warning: Member operator<=(long int) const  (function) of class RationalNumber is not documented.
/home/travis/build/Goalt/Matrix-BigInt-library/rational_number.h:55: warning: Member operator>(long int) const  (function) of class RationalNumber is not documented.
/home/travis/build/Goalt/Matrix-BigInt-library/rational_number.h:56: warning: Member operator>=(long int) const  (function) of class RationalNumber is not documented.
/home/travis/build/Goalt/Matrix-BigInt-library/rational_number.h:57: warning: Member operator==(long int) const  (function) of class RationalNumber is not documented.
/home/travis/build/Goalt/Matrix-BigInt-library/rational_number.h:58: warning: Member operator!=(long int) const  (function) of class RationalNumber is not documented.
/home/travis/build/Goalt/Matrix-BigInt-library/rational_number.h:59: warning: Member operator+=(long int) (function) of class RationalNumber is not documented.
/home/travis/build/Goalt/Matrix-BigInt-library/rational_number.h:60: warning: Member operator-=(long int) (function) of class RationalNumber is not documented.
/home/travis/build/Goalt/Matrix-BigInt-library/rational_number.h:61: warning: Member operator*=(long int) (function) of class RationalNumber is not documented.
/home/travis/build/Goalt/Matrix-BigInt-library/rational_number.h:62: warning: Member operator/=(long int) (function) of class RationalNumber is not documented.
/home/travis/build/Goalt/Matrix-BigInt-library/rational_number.h:63: warning: Member operator=(long int) (function) of class RationalNumber is not documented.
/home/travis/build/Goalt/Matrix-BigInt-library/rational_number.h:65: warning: Member operator+(long int, const RationalNumber &) (friend) of class RationalNumber is not documented.
/home/travis/build/Goalt/Matrix-BigInt-library/rational_number.h:66: warning: Member operator-(long int, const RationalNumber &) (friend) of class RationalNumber is not documented.
/home/travis/build/Goalt/Matrix-BigInt-library/rational_number.h:67: warning: Member operator*(long int, const RationalNumber &) (friend) of class RationalNumber is not documented.
/home/travis/build/Goalt/Matrix-BigInt-library/rational_number.h:68: warning: Member operator/(long int, const RationalNumber &) (friend) of class RationalNumber is not documented.
/home/travis/build/Goalt/Matrix-BigInt-library/rational_number.h:69: warning: Member operator<(long int, const RationalNumber &) (friend) of class RationalNumber is not documented.
/home/travis/build/Goalt/Matrix-BigInt-library/rational_number.h:70: warning: Member operator<=(long int, const RationalNumber &) (friend) of class RationalNumber is not documented.
/home/travis/build/Goalt/Matrix-BigInt-library/rational_number.h:71: warning: Member operator>(long int, const RationalNumber &) (friend) of class RationalNumber is not documented.
/home/travis/build/Goalt/Matrix-BigInt-library/rational_number.h:72: warning: Member operator>=(long int, const RationalNumber &) (friend) of class RationalNumber is not documented.
/home/travis/build/Goalt/Matrix-BigInt-library/rational_number.h:73: warning: Member operator==(long int, const RationalNumber &) (friend) of class RationalNumber is not documented.
/home/travis/build/Goalt/Matrix-BigInt-library/rational_number.h:74: warning: Member operator!=(long int, const RationalNumber &) (friend) of class RationalNumber is not documented.
/home/travis/build/Goalt/Matrix-BigInt-library/vector.h:12: warning: Member Vector(size_t n) (function) of class Vector is not documented.
/home/travis/build/Goalt/Matrix-BigInt-library/vector.h:13: warning: Member Vector(const Vector &) (function) of class Vector is not documented.
/home/travis/build/Goalt/Matrix-BigInt-library/vector.h:14: warning: Member Vector(FILE *) (function) of class Vector is not documented.
/home/travis/build/Goalt/Matrix-BigInt-library/vector.h:15: warning: Member Vector(size_t n, const RationalNumber &) (function) of class Vector is not documented.
/home/travis/build/Goalt/Matrix-BigInt-library/vector.h:17: warning: Member write(FILE *f) (function) of class Vector is not documented.
/home/travis/build/Goalt/Matrix-BigInt-library/vector.h:19: warning: Member print(FILE *f) (function) of class Vector is not documented.
/home/travis/build/Goalt/Matrix-BigInt-library/vector.h:21: warning: Member operator[](size_t i) const  (function) of class Vector is not documented.
/home/travis/build/Goalt/Matrix-BigInt-library/vector.h:23: warning: Member set(size_t, const RationalNumber &) (function) of class Vector is not documented.
/home/travis/build/Goalt/Matrix-BigInt-library/vector.h:25: warning: Member get_n() const  (function) of class Vector is not documented.
/home/travis/build/Goalt/Matrix-BigInt-library/vector.h:27: warning: Member operator+(const Vector &) const  (function) of class Vector is not documented.
/home/travis/build/Goalt/Matrix-BigInt-library/vector.h:28: warning: Member operator-(const Vector &) const  (function) of class Vector is not documented.
/home/travis/build/Goalt/Matrix-BigInt-library/vector.h:29: warning: Member operator*(const Matrix &) const  (function) of class Vector is not documented.
/home/travis/build/Goalt/Matrix-BigInt-library/vector.h:30: warning: Member operator*(const RationalNumber &) const  (function) of class Vector is not documented.
/home/travis/build/Goalt/Matrix-BigInt-library/vector.h:31: warning: Member operator/(const RationalNumber &) const  (function) of class Vector is not documented.
/home/travis/build/Goalt/Matrix-BigInt-library/vector.h:32: warning: Member operator=(const Vector &) (function) of class Vector is not documented.
/home/travis/build/Goalt/Matrix-BigInt-library/matrix.h:35: warning: Member Matrix(size_t, size_t, bool is_Identity=false) (function) of class Matrix is not documented.
/home/travis/build/Goalt/Matrix-BigInt-library/matrix.h:36: warning: Member Matrix(size_t, size_t, const RationalNumber &) (function) of class Matrix is not documented.
/home/travis/build/Goalt/Matrix-BigInt-library/matrix.h:37: warning: Member Matrix(const Matrix &) (function) of class Matrix is not documented.
/home/travis/build/Goalt/Matrix-BigInt-library/matrix.h:38: warning: Member Matrix(FILE *) (function) of class Matrix is not documented.
/home/travis/build/Goalt/Matrix-BigInt-library/matrix.h:40: warning: Member get_n() const  (function) of class Matrix is not documented.
/home/travis/build/Goalt/Matrix-BigInt-library/matrix.h:41: warning: Member get_m() const  (function) of class Matrix is not documented.
/home/travis/build/Goalt/Matrix-BigInt-library/matrix.h:43: warning: Member read(FILE *) (function) of class Matrix is not documented.
/home/travis/build/Goalt/Matrix-BigInt-library/matrix.h:44: warning: Member write(FILE *) (function) of class Matrix is not documented.
/home/travis/build/Goalt/Matrix-BigInt-library/matrix.h:45: warning: Member print(FILE *) (function) of class Matrix is not documented.
/home/travis/build/Goalt/Matrix-BigInt-library/matrix.h:46: warning: Member set(size_t, size_t, const RationalNumber &) (function) of class Matrix is not documented.
/home/travis/build/Goalt/Matrix-BigInt-library/matrix.h:47: warning: Member make_elems_canonical() (function) of class Matrix is not documented.
/home/travis/build/Goalt/Matrix-BigInt-library/matrix.h:49: warning: Member operator+(const Matrix &) const  (function) of class Matrix is not documented.
/home/travis/build/Goalt/Matrix-BigInt-library/matrix.h:50: warning: Member operator-(const Matrix &) const  (function) of class Matrix is not documented.
/home/travis/build/Goalt/Matrix-BigInt-library/matrix.h:51: warning: Member operator*(const Matrix &) const  (function) of class Matrix is not documented.
/home/travis/build/Goalt/Matrix-BigInt-library/matrix.h:52: warning: Member operator-() (function) of class Matrix is not documented.
/home/travis/build/Goalt/Matrix-BigInt-library/matrix.h:53: warning: Member operator~() const  (function) of class Matrix is not documented.
/home/travis/build/Goalt/Matrix-BigInt-library/matrix.h:54: warning: Member operator*(const RationalNumber &) const  (function) of class Matrix is not documented.
/home/travis/build/Goalt/Matrix-BigInt-library/matrix.h:55: warning: Member operator/(const RationalNumber &) const  (function) of class Matrix is not documented.
/home/travis/build/Goalt/Matrix-BigInt-library/matrix.h:56: warning: Member operator=(const Matrix &) (function) of class Matrix is not documented.
/home/travis/build/Goalt/Matrix-BigInt-library/matrix.h:60: warning: Member operator[](const Matrix_coords &) const  (function) of class Matrix is not documented.
/home/travis/build/Goalt/Matrix-BigInt-library/matrix.h:61: warning: Member operator[](const Matrix_row_coord &) const  (function) of class Matrix is not documented.
/home/travis/build/Goalt/Matrix-BigInt-library/matrix.h:62: warning: Member operator[](const Matrix_column_coord &) const  (function) of class Matrix is not documented.
/home/travis/build/Goalt/Matrix-BigInt-library/matrix.h:30: warning: Member _n (variable) of class Matrix is not documented.
/home/travis/build/Goalt/Matrix-BigInt-library/matrix.h:31: warning: Member _m (variable) of class Matrix is not documented.
/home/travis/build/Goalt/Matrix-BigInt-library/matrix.h:32: warning: Member _dictionary (variable) of class Matrix is not documented.
uctures...
Resolving user defined references...
Finding anchors and sections in the documentation...
Transferring function references...
Combining using relations...
Adding members to index pages...
Generating style sheet...
Generating search indices...
Generating example documentation...
Generating file sources...
Generating code for file /home/travis/build/Goalt/Matrix-BigInt-library/big_int.h...
Generating code for file /home/travis/build/Goalt/Matrix-BigInt-library/dictionary.h...
Generating code for file /home/travis/build/Goalt/Matrix-BigInt-library/exception.h...
Generating code for file /home/travis/build/Goalt/Matrix-BigInt-library/generators.h...
Generating code for file /home/travis/build/Goalt/Matrix-BigInt-library/matrix.h...
Generating code for file /home/travis/build/Goalt/Matrix-BigInt-library/rational_number.h...
Generating code for file /home/travis/build/Goalt/Matrix-BigInt-library/vector.h...
Generating file documentation...
Generating page documentation...
Generating docs for page md__home_travis_build_Goalt_Matrix-BigInt-library_README...
Generating group documentation...
Generating class documentation...
Generating docs for compound BigInt...
Generating docs for compound Dictionary...
Generating docs for compound Exception...
Generating docs for compound Exception_Invalid_string...
Generating docs for compound Exception_Matrix_border_out...
Generating docs for compound Exception_matrix_sizes...
Generating docs for compound Exception_Memory...
Generating docs for compound Exception_Vector_border_out...
Generating docs for compound Matrix...
Generating docs for compound Matrix_column_coord...
Generating docs for compound Matrix_coords...
Generating docs for compound Matrix_row_coord...
Generating docs for compound Point...
Generating docs for compound RationalNumber...
Generating docs for compound Vector...
Generating namespace index...
Generating graph info page...
Generating directory documentation...
Generating index page...
Generating page index...
Generating module index...
Generating namespace index...
Generating namespace member index...
Generating annotated compound index...
Generating alphabetical compound index...
Generating hierarchical class index...
Generating member index...
Generating file index...
Generating file member index...
Generating example index...
finalizing index lists...
writing tag file...
Combining RTF output...
lookup cache used 173/65536 hits=2014 misses=183
finished...
